[INFO] Scanning for projects...
[INFO] 
[INFO] ----------------------< cs6650.lab2:client-part2 >----------------------
[INFO] Building ChatFlow Client with Metrics 1.0-SNAPSHOT
[INFO]   from pom.xml
[INFO] --------------------------------[ jar ]---------------------------------
[INFO] 
[INFO] --- exec:3.6.3:java (default-cli) @ client-part2 ---
============================================================
ChatFlow Load Test Client - Optimized for t2.micro
============================================================
Configuration:
  - Warmup: 32 threads × 1000 msgs
  - Main: 500000 msgs, 20 rooms, 100 connections
  - Main threads: 2
============================================================

[Phase 1] Generating 500000 main messages...

[Phase 2] Running warmup phase...
Starting warmup with 32 threads (32 × 1000 = 32000 messages)...
Warmup thread 0 sent 1000 messages, received 1000 responses from room 11
Warmup thread 1 sent 1000 messages, received 1000 responses from room 14
Warmup thread 2 sent 1000 messages, received 1000 responses from room 1
Warmup completed!
[Phase 2] Warmup completed in 1.041s

[Phase 3] Running main load test...
Initializing 100 connections (5 per room × 20 rooms)...
Initializing connections with timeout...
Room 1: 5 connections established
Room 2: 5 connections established
Room 3: 5 connections established
Room 20: 5 connections established
...
Total connections: 100
All connections established!
Sender thread 0 started
Sender thread 1 started
[Phase 2] Main message generation complete! Queue has 19897 messages remaining
Waiting for all responses...
Progress: 100.0% (532000/532000 messages, remaining: 0)
All messages processed!
Closing all connections...

============================================================
TEST RESULTS
============================================================

[Warmup Phase]
  Messages sent: 32000
  Duration: 1.041s
  Throughput: 30740 msgs/s

[Main Phase]
  Messages sent: 500000
  Duration: 6.634s
  Throughput: 75369 msgs/s

[Overall]
  Total messages: 532000/532000
  Successful: 532000
  Failed: 0
  Success rate: 100.00%
  Total duration: 12.71s
  Overall throughput: 41863 msgs/s

[Connections]
  Total connections created: 100
  Reconnections: 0
  Connections per room: 5

[Latency Statistics]
  Min: 0ms
  Max: 154ms
  Mean: 5.08ms
  Median: 2ms
  95th percentile: 20ms
  99th percentile: 71ms
============================================================

Writing results to test_results.csv...
CSV export completed. Total records: 500000

============================================================
Test completed!
============================================================
[INFO] ------------------------------------------------------------------------
[INFO] BUILD SUCCESS
[INFO] ------------------------------------------------------------------------
[INFO] Total time:  13.219 s
[INFO] Finished at: 2026-02-12T02:14:27-08:00
[INFO] ------------------------------------------------------------------------
