[INFO] Scanning for projects...
[INFO] 
[INFO] -------------------------< cs6650.lab2:server >-------------------------
[INFO] Building server 1.0-SNAPSHOT
[INFO]   from pom.xml
[INFO] --------------------------------[ jar ]---------------------------------
[INFO] 
[INFO] >>> spring-boot:3.2.1:run (default-cli) > test-compile @ server >>>
[INFO] 
[INFO] --- resources:3.3.1:resources (default-resources) @ server ---
[INFO] Copying 0 resource from src/main/resources to target/classes
[INFO] Copying 0 resource from src/main/resources to target/classes
[INFO] 
[INFO] --- compiler:3.11.0:compile (default-compile) @ server ---
[INFO] Nothing to compile - all classes are up to date
[INFO] 
[INFO] --- resources:3.3.1:testResources (default-testResources) @ server ---
[INFO] skip non existing resourceDirectory /Users/concon/Documents/6650/assignment1 copy/server/src/test/resources
[INFO] 
[INFO] --- compiler:3.11.0:testCompile (default-testCompile) @ server ---
[INFO] Nothing to compile - all classes are up to date
[INFO] 
[INFO] <<< spring-boot:3.2.1:run (default-cli) < test-compile @ server <<<
[INFO] 
[INFO] 
[INFO] --- spring-boot:3.2.1:run (default-cli) @ server ---
[INFO] Attaching agents: []

  .   ____          _            __ _ _
 /\\ / ___'_ __ _ _(_)_ __  __ _ \ \ \ \
( ( )\___ | '_ | '_| | '_ \/ _` | \ \ \ \
 \\/  ___)| |_)| | | | | || (_| |  ) ) ) )
  '  |____| .__|_| |_|_| |_\__, | / / / /
 =========|_|==============|___/=/_/_/_/
[32m :: Spring Boot :: [39m              [2m (v3.2.1)[0;39m

[2m2026-02-12T02:41:08.330-08:00[0;39m [32m INFO[0;39m [35m83819[0;39m [2m---[0;39m [2m[           main][0;39m [2m[0;39m[36mcom.chatflow.server.ServerApplication   [0;39m [2m:[0;39m Starting ServerApplication using Java 23.0.2 with PID 83819 (/Users/concon/Documents/6650/assignment1 copy/server/target/classes started by concon in /Users/concon/Documents/6650/assignment1 copy/server)
[2m2026-02-12T02:41:08.332-08:00[0;39m [32m INFO[0;39m [35m83819[0;39m [2m---[0;39m [2m[           main][0;39m [2m[0;39m[36mcom.chatflow.server.ServerApplication   [0;39m [2m:[0;39m No active profile set, falling back to 1 default profile: "default"
[2m2026-02-12T02:41:08.700-08:00[0;39m [32m INFO[0;39m [35m83819[0;39m [2m---[0;39m [2m[           main][0;39m [2m[0;39m[36mo.s.b.w.embedded.tomcat.TomcatWebServer [0;39m [2m:[0;39m Tomcat initialized with port 8080 (http)
[2m2026-02-12T02:41:08.706-08:00[0;39m [32m INFO[0;39m [35m83819[0;39m [2m---[0;39m [2m[           main][0;39m [2m[0;39m[36mo.apache.catalina.core.StandardService  [0;39m [2m:[0;39m Starting service [Tomcat]
[2m2026-02-12T02:41:08.706-08:00[0;39m [32m INFO[0;39m [35m83819[0;39m [2m---[0;39m [2m[           main][0;39m [2m[0;39m[36mo.apache.catalina.core.StandardEngine   [0;39m [2m:[0;39m Starting Servlet engine: [Apache Tomcat/10.1.17]
[2m2026-02-12T02:41:08.729-08:00[0;39m [32m INFO[0;39m [35m83819[0;39m [2m---[0;39m [2m[           main][0;39m [2m[0;39m[36mo.a.c.c.C.[Tomcat].[localhost].[/]      [0;39m [2m:[0;39m Initializing Spring embedded WebApplicationContext
[2m2026-02-12T02:41:08.730-08:00[0;39m [32m INFO[0;39m [35m83819[0;39m [2m---[0;39m [2m[           main][0;39m [2m[0;39m[36mw.s.c.ServletWebServerApplicationContext[0;39m [2m:[0;39m Root WebApplicationContext: initialization completed in 375 ms
[2m2026-02-12T02:41:08.868-08:00[0;39m [33m WARN[0;39m [35m83819[0;39m [2m---[0;39m [2m[           main][0;39m [2m[0;39m[36mConfigServletWebServerApplicationContext[0;39m [2m:[0;39m Exception encountered during context initialization - cancelling refresh attempt: org.springframework.context.ApplicationContextException: Failed to start bean 'webServerStartStop'
[2m2026-02-12T02:41:08.873-08:00[0;39m [32m INFO[0;39m [35m83819[0;39m [2m---[0;39m [2m[           main][0;39m [2m[0;39m[36m.s.b.a.l.ConditionEvaluationReportLogger[0;39m [2m:[0;39m 

Error starting ApplicationContext. To display the condition evaluation report re-run your application with 'debug' enabled.
[2m2026-02-12T02:41:08.880-08:00[0;39m [31mERROR[0;39m [35m83819[0;39m [2m---[0;39m [2m[           main][0;39m [2m[0;39m[36mo.s.b.d.LoggingFailureAnalysisReporter  [0;39m [2m:[0;39m 

***************************
APPLICATION FAILED TO START
***************************

Description:

Web server failed to start. Port 8080 was already in use.

Action:

Identify and stop the process that's listening on port 8080 or configure this application to listen on another port.

[INFO] ------------------------------------------------------------------------
[INFO] BUILD FAILURE
[INFO] ------------------------------------------------------------------------
[INFO] Total time:  1.504 s
[INFO] Finished at: 2026-02-12T02:41:08-08:00
[INFO] ------------------------------------------------------------------------
[ERROR] Failed to execute goal org.springframework.boot:spring-boot-maven-plugin:3.2.1:run (default-cli) on project server: Process terminated with exit code: 1 -> [Help 1]
[ERROR] 
[ERROR] To see the full stack trace of the errors, re-run Maven with the -e switch.
[ERROR] Re-run Maven using the -X switch to enable full debug logging.
[ERROR] 
[ERROR] For more information about the errors and possible solutions, please read the following articles:
[ERROR] [Help 1] http://cwiki.apache.org/confluence/display/MAVEN/MojoExecutionException
